<?xml version="1.0" encoding="UTF-8"?>
<!-- Generated by org.testng.reporters.JUnitXMLReporter -->
<testsuite hostname="Naveen-Mac.local" ignored="0" name="hub spot Regression Test" tests="3" failures="0" timestamp="10 May 2019 03:16:53 GMT" time="29.096" errors="0">
  <testcase name="verifyLoginPageTitleTest" time="0.01" classname="com.qa.hubspot.tests.LoginTest"/>
  <testcase name="verifySignUpLinkTest" time="0.052" classname="com.qa.hubspot.tests.LoginTest"/>
  <testcase name="loginTest" time="5.247" classname="com.qa.hubspot.tests.LoginTest"/>
</testsuite> <!-- hub spot Regression Test -->
