<?xml version="1.0" encoding="UTF-8"?>
<testng-results skipped="0" failed="0" ignored="0" total="3" passed="3">
  <reporter-output>
  </reporter-output>
  <suite name="Hub Spot Test Suite" duration-ms="29096" started-at="2019-05-10T03:16:24Z" finished-at="2019-05-10T03:16:53Z">
    <groups>
    </groups>
    <test name="hub spot Regression Test" duration-ms="29096" started-at="2019-05-10T03:16:24Z" finished-at="2019-05-10T03:16:53Z">
      <class name="com.qa.hubspot.tests.LoginTest">
        <test-method status="PASS" signature="setUp()[pri:0, instance:com.qa.hubspot.tests.LoginTest@21bcffb5]" name="setUp" is-config="true" duration-ms="8191" started-at="2019-05-10T03:16:24Z" finished-at="2019-05-10T03:16:32Z">
          <reporter-output>
          </reporter-output>
        </test-method> <!-- setUp -->
        <test-method status="PASS" signature="verifyLoginPageTitleTest()[pri:1, instance:com.qa.hubspot.tests.LoginTest@21bcffb5]" name="verifyLoginPageTitleTest" duration-ms="10" started-at="2019-05-10T03:16:32Z" finished-at="2019-05-10T03:16:32Z">
          <reporter-output>
          </reporter-output>
        </test-method> <!-- verifyLoginPageTitleTest -->
        <test-method status="PASS" signature="tearDown()[pri:0, instance:com.qa.hubspot.tests.LoginTest@21bcffb5]" name="tearDown" is-config="true" duration-ms="127" started-at="2019-05-10T03:16:32Z" finished-at="2019-05-10T03:16:32Z">
          <reporter-output>
          </reporter-output>
        </test-method> <!-- tearDown -->
        <test-method status="PASS" signature="setUp()[pri:0, instance:com.qa.hubspot.tests.LoginTest@21bcffb5]" name="setUp" is-config="true" duration-ms="7654" started-at="2019-05-10T03:16:32Z" finished-at="2019-05-10T03:16:40Z">
          <reporter-output>
          </reporter-output>
        </test-method> <!-- setUp -->
        <test-method status="PASS" signature="verifySignUpLinkTest()[pri:2, instance:com.qa.hubspot.tests.LoginTest@21bcffb5]" name="verifySignUpLinkTest" duration-ms="52" started-at="2019-05-10T03:16:40Z" finished-at="2019-05-10T03:16:40Z">
          <reporter-output>
          </reporter-output>
        </test-method> <!-- verifySignUpLinkTest -->
        <test-method status="PASS" signature="tearDown()[pri:0, instance:com.qa.hubspot.tests.LoginTest@21bcffb5]" name="tearDown" is-config="true" duration-ms="98" started-at="2019-05-10T03:16:40Z" finished-at="2019-05-10T03:16:40Z">
          <reporter-output>
          </reporter-output>
        </test-method> <!-- tearDown -->
        <test-method status="PASS" signature="setUp()[pri:0, instance:com.qa.hubspot.tests.LoginTest@21bcffb5]" name="setUp" is-config="true" duration-ms="7597" started-at="2019-05-10T03:16:40Z" finished-at="2019-05-10T03:16:48Z">
          <reporter-output>
          </reporter-output>
        </test-method> <!-- setUp -->
        <test-method status="PASS" signature="loginTest()[pri:3, instance:com.qa.hubspot.tests.LoginTest@21bcffb5]" name="loginTest" duration-ms="5247" started-at="2019-05-10T03:16:48Z" finished-at="2019-05-10T03:16:53Z">
          <reporter-output>
          </reporter-output>
        </test-method> <!-- loginTest -->
        <test-method status="PASS" signature="tearDown()[pri:0, instance:com.qa.hubspot.tests.LoginTest@21bcffb5]" name="tearDown" is-config="true" duration-ms="96" started-at="2019-05-10T03:16:53Z" finished-at="2019-05-10T03:16:53Z">
          <reporter-output>
          </reporter-output>
        </test-method> <!-- tearDown -->
      </class> <!-- com.qa.hubspot.tests.LoginTest -->
    </test> <!-- hub spot Regression Test -->
  </suite> <!-- Hub Spot Test Suite -->
</testng-results>
