<?xml version="1.0" encoding="UTF-8"?>
<!-- Generated by org.testng.reporters.JUnitXMLReporter -->
<testsuite hostname="Naveen-Mac.local" ignored="0" name="hub spot regression Test" tests="3" failures="1" timestamp="14 May 2019 03:02:03 GMT" time="24.604" errors="0">
  <testcase name="verifyLoginPageTitleTest" time="0.018" classname="com.qa.hubspot.tests.LoginTest">
    <failure type="java.lang.AssertionError" message="login page title is not correct expected [HubSpot Login123] but found [HubSpot Login]">
      <![CDATA[java.lang.AssertionError: login page title is not correct expected [HubSpot Login123] but found [HubSpot Login]
at com.qa.hubspot.tests.LoginTest.verifyLoginPageTitleTest(LoginTest.java:39)
... Removed 30 stack frames]]>
    </failure>
  </testcase> <!-- verifyLoginPageTitleTest -->
  <testcase name="verifySignUpLinkTest" time="0.06" classname="com.qa.hubspot.tests.LoginTest"/>
  <testcase name="loginTest" time="0.599" classname="com.qa.hubspot.tests.LoginTest"/>
</testsuite> <!-- hub spot regression Test -->
